<?xml version="1.0" encoding="UTF-8"?>
<testsuite name="mancala.BoardTest" tests="15" skipped="0" failures="0" errors="0" timestamp="2023-11-20T01:48:19" hostname="CIS2430" time="0.043">
  <properties/>
  <testcase name="testCaptureStonesValidCapturePit()" classname="mancala.BoardTest" time="0.019"/>
  <testcase name="testIsSideEmpty()" classname="mancala.BoardTest" time="0.002"/>
  <testcase name="testRegisterPlayers()" classname="mancala.BoardTest" time="0.002"/>
  <testcase name="testCaptureStonesOverValidPitNum()" classname="mancala.BoardTest" time="0.002"/>
  <testcase name="testCaptureStonesInvalidCapturePit()" classname="mancala.BoardTest" time="0.001"/>
  <testcase name="testDistributeStonesUnderValidPitNum()" classname="mancala.BoardTest" time="0.001"/>
  <testcase name="testDistributeStonesWorking()" classname="mancala.BoardTest" time="0.0"/>
  <testcase name="testGetNumStonesInvalidPit()" classname="mancala.BoardTest" time="0.006"/>
  <testcase name="testGetNumStonesValidPit()" classname="mancala.BoardTest" time="0.0"/>
  <testcase name="testIsSideEmptyUnderValidPitNum()" classname="mancala.BoardTest" time="0.0"/>
  <testcase name="testIsSideNotEmpty()" classname="mancala.BoardTest" time="0.0"/>
  <testcase name="testDistributeStonesOverValidPitNum()" classname="mancala.BoardTest" time="0.0"/>
  <testcase name="testResetBoard()" classname="mancala.BoardTest" time="0.0"/>
  <testcase name="testDistributeStonesSkipStore()" classname="mancala.BoardTest" time="0.001"/>
  <testcase name="testCaptureStonesUnderValidPitNum()" classname="mancala.BoardTest" time="0.001"/>
  <system-out><![CDATA[]]></system-out>
  <system-err><![CDATA[]]></system-err>
</testsuite>
